0 info it worked if it ends with ok
1 verbose cli [ '/usr/bin/nodejs', '/usr/bin/npm', 'i' ]
2 info using npm@1.3.10
3 info using node@v0.10.25
4 warn package.json bonsul_backend@1.0.0 No description
5 warn package.json bonsul_backend@1.0.0 No repository field.
6 warn package.json bonsul_backend@1.0.0 No README data
7 verbose readDependencies using package.json deps
8 verbose install where, deps [ '/var/www/html/espacoacervo/backend',
8 verbose install   [ 'bcrypt-nodejs',
8 verbose install     'body-parser',
8 verbose install     'consign',
8 verbose install     'cors',
8 verbose install     'express',
8 verbose install     'jwt-simple',
8 verbose install     'knex',
8 verbose install     'moment',
8 verbose install     'mysql',
8 verbose install     'passport',
8 verbose install     'passport-jwt',
8 verbose install     'nodemon' ] ]
9 info preinstall bonsul_backend@1.0.0
10 verbose readDependencies using package.json deps
11 verbose cache add [ 'bcrypt-nodejs@0.0.3', null ]
12 verbose cache add name=undefined spec="bcrypt-nodejs@0.0.3" args=["bcrypt-nodejs@0.0.3",null]
13 verbose parsed url { protocol: null,
13 verbose parsed url   slashes: null,
13 verbose parsed url   auth: null,
13 verbose parsed url   host: null,
13 verbose parsed url   port: null,
13 verbose parsed url   hostname: null,
13 verbose parsed url   hash: null,
13 verbose parsed url   search: null,
13 verbose parsed url   query: null,
13 verbose parsed url   pathname: 'bcrypt-nodejs@0.0.3',
13 verbose parsed url   path: 'bcrypt-nodejs@0.0.3',
13 verbose parsed url   href: 'bcrypt-nodejs@0.0.3' }
14 verbose cache add name="bcrypt-nodejs" spec="0.0.3" args=["bcrypt-nodejs","0.0.3"]
15 verbose parsed url { protocol: null,
15 verbose parsed url   slashes: null,
15 verbose parsed url   auth: null,
15 verbose parsed url   host: null,
15 verbose parsed url   port: null,
15 verbose parsed url   hostname: null,
15 verbose parsed url   hash: null,
15 verbose parsed url   search: null,
15 verbose parsed url   query: null,
15 verbose parsed url   pathname: '0.0.3',
15 verbose parsed url   path: '0.0.3',
15 verbose parsed url   href: '0.0.3' }
16 verbose addNamed [ 'bcrypt-nodejs', '0.0.3' ]
17 verbose addNamed [ '0.0.3', '0.0.3' ]
18 verbose cache add [ 'body-parser@^1.19.0', null ]
19 verbose cache add name=undefined spec="body-parser@^1.19.0" args=["body-parser@^1.19.0",null]
20 verbose parsed url { protocol: null,
20 verbose parsed url   slashes: null,
20 verbose parsed url   auth: null,
20 verbose parsed url   host: null,
20 verbose parsed url   port: null,
20 verbose parsed url   hostname: null,
20 verbose parsed url   hash: null,
20 verbose parsed url   search: null,
20 verbose parsed url   query: null,
20 verbose parsed url   pathname: 'body-parser@^1.19.0',
20 verbose parsed url   path: 'body-parser@^1.19.0',
20 verbose parsed url   href: 'body-parser@^1.19.0' }
21 verbose cache add name="body-parser" spec="^1.19.0" args=["body-parser","^1.19.0"]
22 verbose parsed url { protocol: null,
22 verbose parsed url   slashes: null,
22 verbose parsed url   auth: null,
22 verbose parsed url   host: null,
22 verbose parsed url   port: null,
22 verbose parsed url   hostname: null,
22 verbose parsed url   hash: null,
22 verbose parsed url   search: null,
22 verbose parsed url   query: null,
22 verbose parsed url   pathname: '^1.19.0',
22 verbose parsed url   path: '^1.19.0',
22 verbose parsed url   href: '^1.19.0' }
23 verbose addNamed [ 'body-parser', '^1.19.0' ]
24 verbose addNamed [ null, '>=1.19.0-0 <2.0.0-0' ]
25 silly lockFile 30db234c-bcrypt-nodejs-0-0-3 bcrypt-nodejs@0.0.3
26 verbose lock bcrypt-nodejs@0.0.3 /root/.npm/30db234c-bcrypt-nodejs-0-0-3.lock
27 verbose cache add [ 'cors@^2.8.5', null ]
28 verbose cache add name=undefined spec="cors@^2.8.5" args=["cors@^2.8.5",null]
29 verbose parsed url { protocol: null,
29 verbose parsed url   slashes: null,
29 verbose parsed url   auth: null,
29 verbose parsed url   host: null,
29 verbose parsed url   port: null,
29 verbose parsed url   hostname: null,
29 verbose parsed url   hash: null,
29 verbose parsed url   search: null,
29 verbose parsed url   query: null,
29 verbose parsed url   pathname: 'cors@^2.8.5',
29 verbose parsed url   path: 'cors@^2.8.5',
29 verbose parsed url   href: 'cors@^2.8.5' }
30 verbose cache add name="cors" spec="^2.8.5" args=["cors","^2.8.5"]
31 verbose parsed url { protocol: null,
31 verbose parsed url   slashes: null,
31 verbose parsed url   auth: null,
31 verbose parsed url   host: null,
31 verbose parsed url   port: null,
31 verbose parsed url   hostname: null,
31 verbose parsed url   hash: null,
31 verbose parsed url   search: null,
31 verbose parsed url   query: null,
31 verbose parsed url   pathname: '^2.8.5',
31 verbose parsed url   path: '^2.8.5',
31 verbose parsed url   href: '^2.8.5' }
32 verbose addNamed [ 'cors', '^2.8.5' ]
33 verbose addNamed [ null, '>=2.8.5-0 <3.0.0-0' ]
34 silly lockFile 244e9b86-cors-2-8-5 cors@^2.8.5
35 verbose lock cors@^2.8.5 /root/.npm/244e9b86-cors-2-8-5.lock
36 verbose cache add [ 'consign@^0.1.6', null ]
37 verbose cache add name=undefined spec="consign@^0.1.6" args=["consign@^0.1.6",null]
38 verbose parsed url { protocol: null,
38 verbose parsed url   slashes: null,
38 verbose parsed url   auth: null,
38 verbose parsed url   host: null,
38 verbose parsed url   port: null,
38 verbose parsed url   hostname: null,
38 verbose parsed url   hash: null,
38 verbose parsed url   search: null,
38 verbose parsed url   query: null,
38 verbose parsed url   pathname: 'consign@^0.1.6',
38 verbose parsed url   path: 'consign@^0.1.6',
38 verbose parsed url   href: 'consign@^0.1.6' }
39 verbose cache add name="consign" spec="^0.1.6" args=["consign","^0.1.6"]
40 verbose parsed url { protocol: null,
40 verbose parsed url   slashes: null,
40 verbose parsed url   auth: null,
40 verbose parsed url   host: null,
40 verbose parsed url   port: null,
40 verbose parsed url   hostname: null,
40 verbose parsed url   hash: null,
40 verbose parsed url   search: null,
40 verbose parsed url   query: null,
40 verbose parsed url   pathname: '^0.1.6',
40 verbose parsed url   path: '^0.1.6',
40 verbose parsed url   href: '^0.1.6' }
41 verbose addNamed [ 'consign', '^0.1.6' ]
42 verbose addNamed [ null, '>=0.1.6-0 <0.2.0-0' ]
43 silly lockFile 6e2ff2a8-consign-0-1-6 consign@^0.1.6
44 verbose lock consign@^0.1.6 /root/.npm/6e2ff2a8-consign-0-1-6.lock
45 verbose cache add [ 'express@^4.17.1', null ]
46 verbose cache add name=undefined spec="express@^4.17.1" args=["express@^4.17.1",null]
47 verbose parsed url { protocol: null,
47 verbose parsed url   slashes: null,
47 verbose parsed url   auth: null,
47 verbose parsed url   host: null,
47 verbose parsed url   port: null,
47 verbose parsed url   hostname: null,
47 verbose parsed url   hash: null,
47 verbose parsed url   search: null,
47 verbose parsed url   query: null,
47 verbose parsed url   pathname: 'express@^4.17.1',
47 verbose parsed url   path: 'express@^4.17.1',
47 verbose parsed url   href: 'express@^4.17.1' }
48 verbose cache add name="express" spec="^4.17.1" args=["express","^4.17.1"]
49 verbose parsed url { protocol: null,
49 verbose parsed url   slashes: null,
49 verbose parsed url   auth: null,
49 verbose parsed url   host: null,
49 verbose parsed url   port: null,
49 verbose parsed url   hostname: null,
49 verbose parsed url   hash: null,
49 verbose parsed url   search: null,
49 verbose parsed url   query: null,
49 verbose parsed url   pathname: '^4.17.1',
49 verbose parsed url   path: '^4.17.1',
49 verbose parsed url   href: '^4.17.1' }
50 verbose addNamed [ 'express', '^4.17.1' ]
51 verbose addNamed [ null, '>=4.17.1-0 <5.0.0-0' ]
52 silly lockFile 462f207e-express-4-17-1 express@^4.17.1
53 verbose lock express@^4.17.1 /root/.npm/462f207e-express-4-17-1.lock
54 verbose cache add [ 'jwt-simple@^0.5.6', null ]
55 verbose cache add name=undefined spec="jwt-simple@^0.5.6" args=["jwt-simple@^0.5.6",null]
56 verbose parsed url { protocol: null,
56 verbose parsed url   slashes: null,
56 verbose parsed url   auth: null,
56 verbose parsed url   host: null,
56 verbose parsed url   port: null,
56 verbose parsed url   hostname: null,
56 verbose parsed url   hash: null,
56 verbose parsed url   search: null,
56 verbose parsed url   query: null,
56 verbose parsed url   pathname: 'jwt-simple@^0.5.6',
56 verbose parsed url   path: 'jwt-simple@^0.5.6',
56 verbose parsed url   href: 'jwt-simple@^0.5.6' }
57 verbose cache add name="jwt-simple" spec="^0.5.6" args=["jwt-simple","^0.5.6"]
58 verbose parsed url { protocol: null,
58 verbose parsed url   slashes: null,
58 verbose parsed url   auth: null,
58 verbose parsed url   host: null,
58 verbose parsed url   port: null,
58 verbose parsed url   hostname: null,
58 verbose parsed url   hash: null,
58 verbose parsed url   search: null,
58 verbose parsed url   query: null,
58 verbose parsed url   pathname: '^0.5.6',
58 verbose parsed url   path: '^0.5.6',
58 verbose parsed url   href: '^0.5.6' }
59 verbose addNamed [ 'jwt-simple', '^0.5.6' ]
60 verbose addNamed [ null, '>=0.5.6-0 <0.6.0-0' ]
61 silly lockFile 63e1692d-jwt-simple-0-5-6 jwt-simple@^0.5.6
62 verbose lock jwt-simple@^0.5.6 /root/.npm/63e1692d-jwt-simple-0-5-6.lock
63 silly lockFile 66b42ae7-body-parser-1-19-0 body-parser@^1.19.0
64 verbose lock body-parser@^1.19.0 /root/.npm/66b42ae7-body-parser-1-19-0.lock
65 verbose cache add [ 'knex@^0.21.1', null ]
66 verbose cache add name=undefined spec="knex@^0.21.1" args=["knex@^0.21.1",null]
67 verbose parsed url { protocol: null,
67 verbose parsed url   slashes: null,
67 verbose parsed url   auth: null,
67 verbose parsed url   host: null,
67 verbose parsed url   port: null,
67 verbose parsed url   hostname: null,
67 verbose parsed url   hash: null,
67 verbose parsed url   search: null,
67 verbose parsed url   query: null,
67 verbose parsed url   pathname: 'knex@^0.21.1',
67 verbose parsed url   path: 'knex@^0.21.1',
67 verbose parsed url   href: 'knex@^0.21.1' }
68 verbose cache add name="knex" spec="^0.21.1" args=["knex","^0.21.1"]
69 verbose parsed url { protocol: null,
69 verbose parsed url   slashes: null,
69 verbose parsed url   auth: null,
69 verbose parsed url   host: null,
69 verbose parsed url   port: null,
69 verbose parsed url   hostname: null,
69 verbose parsed url   hash: null,
69 verbose parsed url   search: null,
69 verbose parsed url   query: null,
69 verbose parsed url   pathname: '^0.21.1',
69 verbose parsed url   path: '^0.21.1',
69 verbose parsed url   href: '^0.21.1' }
70 verbose addNamed [ 'knex', '^0.21.1' ]
71 verbose addNamed [ null, '>=0.21.1-0 <0.22.0-0' ]
72 silly lockFile e0a8ec4c-knex-0-21-1 knex@^0.21.1
73 verbose lock knex@^0.21.1 /root/.npm/e0a8ec4c-knex-0-21-1.lock
74 verbose cache add [ 'moment@^2.25.1', null ]
75 verbose cache add name=undefined spec="moment@^2.25.1" args=["moment@^2.25.1",null]
76 verbose parsed url { protocol: null,
76 verbose parsed url   slashes: null,
76 verbose parsed url   auth: null,
76 verbose parsed url   host: null,
76 verbose parsed url   port: null,
76 verbose parsed url   hostname: null,
76 verbose parsed url   hash: null,
76 verbose parsed url   search: null,
76 verbose parsed url   query: null,
76 verbose parsed url   pathname: 'moment@^2.25.1',
76 verbose parsed url   path: 'moment@^2.25.1',
76 verbose parsed url   href: 'moment@^2.25.1' }
77 verbose cache add name="moment" spec="^2.25.1" args=["moment","^2.25.1"]
78 verbose parsed url { protocol: null,
78 verbose parsed url   slashes: null,
78 verbose parsed url   auth: null,
78 verbose parsed url   host: null,
78 verbose parsed url   port: null,
78 verbose parsed url   hostname: null,
78 verbose parsed url   hash: null,
78 verbose parsed url   search: null,
78 verbose parsed url   query: null,
78 verbose parsed url   pathname: '^2.25.1',
78 verbose parsed url   path: '^2.25.1',
78 verbose parsed url   href: '^2.25.1' }
79 verbose addNamed [ 'moment', '^2.25.1' ]
80 verbose addNamed [ null, '>=2.25.1-0 <3.0.0-0' ]
81 silly lockFile e54dc8f3-moment-2-25-1 moment@^2.25.1
82 verbose lock moment@^2.25.1 /root/.npm/e54dc8f3-moment-2-25-1.lock
83 verbose cache add [ 'mysql@^2.18.1', null ]
84 verbose cache add name=undefined spec="mysql@^2.18.1" args=["mysql@^2.18.1",null]
85 verbose parsed url { protocol: null,
85 verbose parsed url   slashes: null,
85 verbose parsed url   auth: null,
85 verbose parsed url   host: null,
85 verbose parsed url   port: null,
85 verbose parsed url   hostname: null,
85 verbose parsed url   hash: null,
85 verbose parsed url   search: null,
85 verbose parsed url   query: null,
85 verbose parsed url   pathname: 'mysql@^2.18.1',
85 verbose parsed url   path: 'mysql@^2.18.1',
85 verbose parsed url   href: 'mysql@^2.18.1' }
86 verbose cache add name="mysql" spec="^2.18.1" args=["mysql","^2.18.1"]
87 verbose parsed url { protocol: null,
87 verbose parsed url   slashes: null,
87 verbose parsed url   auth: null,
87 verbose parsed url   host: null,
87 verbose parsed url   port: null,
87 verbose parsed url   hostname: null,
87 verbose parsed url   hash: null,
87 verbose parsed url   search: null,
87 verbose parsed url   query: null,
87 verbose parsed url   pathname: '^2.18.1',
87 verbose parsed url   path: '^2.18.1',
87 verbose parsed url   href: '^2.18.1' }
88 verbose addNamed [ 'mysql', '^2.18.1' ]
89 verbose addNamed [ null, '>=2.18.1-0 <3.0.0-0' ]
90 silly lockFile 90d9db08-mysql-2-18-1 mysql@^2.18.1
91 verbose lock mysql@^2.18.1 /root/.npm/90d9db08-mysql-2-18-1.lock
92 verbose cache add [ 'passport@^0.4.1', null ]
93 verbose cache add name=undefined spec="passport@^0.4.1" args=["passport@^0.4.1",null]
94 verbose parsed url { protocol: null,
94 verbose parsed url   slashes: null,
94 verbose parsed url   auth: null,
94 verbose parsed url   host: null,
94 verbose parsed url   port: null,
94 verbose parsed url   hostname: null,
94 verbose parsed url   hash: null,
94 verbose parsed url   search: null,
94 verbose parsed url   query: null,
94 verbose parsed url   pathname: 'passport@^0.4.1',
94 verbose parsed url   path: 'passport@^0.4.1',
94 verbose parsed url   href: 'passport@^0.4.1' }
95 verbose cache add name="passport" spec="^0.4.1" args=["passport","^0.4.1"]
96 verbose parsed url { protocol: null,
96 verbose parsed url   slashes: null,
96 verbose parsed url   auth: null,
96 verbose parsed url   host: null,
96 verbose parsed url   port: null,
96 verbose parsed url   hostname: null,
96 verbose parsed url   hash: null,
96 verbose parsed url   search: null,
96 verbose parsed url   query: null,
96 verbose parsed url   pathname: '^0.4.1',
96 verbose parsed url   path: '^0.4.1',
96 verbose parsed url   href: '^0.4.1' }
97 verbose addNamed [ 'passport', '^0.4.1' ]
98 verbose addNamed [ null, '>=0.4.1-0 <0.5.0-0' ]
99 silly lockFile 71a0c4cf-passport-0-4-1 passport@^0.4.1
100 verbose lock passport@^0.4.1 /root/.npm/71a0c4cf-passport-0-4-1.lock
101 silly addNameRange { name: 'cors', range: '>=2.8.5-0 <3.0.0-0', hasData: false }
102 silly addNameRange { name: 'consign', range: '>=0.1.6-0 <0.2.0-0', hasData: false }
103 silly addNameRange { name: 'express', range: '>=4.17.1-0 <5.0.0-0', hasData: false }
104 verbose cache add [ 'passport-jwt@^4.0.0', null ]
105 verbose cache add name=undefined spec="passport-jwt@^4.0.0" args=["passport-jwt@^4.0.0",null]
106 verbose parsed url { protocol: null,
106 verbose parsed url   slashes: null,
106 verbose parsed url   auth: null,
106 verbose parsed url   host: null,
106 verbose parsed url   port: null,
106 verbose parsed url   hostname: null,
106 verbose parsed url   hash: null,
106 verbose parsed url   search: null,
106 verbose parsed url   query: null,
106 verbose parsed url   pathname: 'passport-jwt@^4.0.0',
106 verbose parsed url   path: 'passport-jwt@^4.0.0',
106 verbose parsed url   href: 'passport-jwt@^4.0.0' }
107 verbose cache add name="passport-jwt" spec="^4.0.0" args=["passport-jwt","^4.0.0"]
108 verbose parsed url { protocol: null,
108 verbose parsed url   slashes: null,
108 verbose parsed url   auth: null,
108 verbose parsed url   host: null,
108 verbose parsed url   port: null,
108 verbose parsed url   hostname: null,
108 verbose parsed url   hash: null,
108 verbose parsed url   search: null,
108 verbose parsed url   query: null,
108 verbose parsed url   pathname: '^4.0.0',
108 verbose parsed url   path: '^4.0.0',
108 verbose parsed url   href: '^4.0.0' }
109 verbose addNamed [ 'passport-jwt', '^4.0.0' ]
110 verbose addNamed [ null, '>=4.0.0-0 <5.0.0-0' ]
111 silly lockFile a1e49d21-passport-jwt-4-0-0 passport-jwt@^4.0.0
112 verbose lock passport-jwt@^4.0.0 /root/.npm/a1e49d21-passport-jwt-4-0-0.lock
113 verbose cache add [ 'nodemon@2.0.3', null ]
114 verbose cache add name=undefined spec="nodemon@2.0.3" args=["nodemon@2.0.3",null]
115 verbose parsed url { protocol: null,
115 verbose parsed url   slashes: null,
115 verbose parsed url   auth: null,
115 verbose parsed url   host: null,
115 verbose parsed url   port: null,
115 verbose parsed url   hostname: null,
115 verbose parsed url   hash: null,
115 verbose parsed url   search: null,
115 verbose parsed url   query: null,
115 verbose parsed url   pathname: 'nodemon@2.0.3',
115 verbose parsed url   path: 'nodemon@2.0.3',
115 verbose parsed url   href: 'nodemon@2.0.3' }
116 verbose cache add name="nodemon" spec="2.0.3" args=["nodemon","2.0.3"]
117 verbose parsed url { protocol: null,
117 verbose parsed url   slashes: null,
117 verbose parsed url   auth: null,
117 verbose parsed url   host: null,
117 verbose parsed url   port: null,
117 verbose parsed url   hostname: null,
117 verbose parsed url   hash: null,
117 verbose parsed url   search: null,
117 verbose parsed url   query: null,
117 verbose parsed url   pathname: '2.0.3',
117 verbose parsed url   path: '2.0.3',
117 verbose parsed url   href: '2.0.3' }
118 verbose addNamed [ 'nodemon', '2.0.3' ]
119 verbose addNamed [ '2.0.3', '2.0.3' ]
120 silly lockFile 3ce76eb0-nodemon-2-0-3 nodemon@2.0.3
121 verbose lock nodemon@2.0.3 /root/.npm/3ce76eb0-nodemon-2-0-3.lock
122 silly addNameRange { name: 'jwt-simple',
122 silly addNameRange   range: '>=0.5.6-0 <0.6.0-0',
122 silly addNameRange   hasData: false }
123 silly addNameRange { name: 'body-parser',
123 silly addNameRange   range: '>=1.19.0-0 <2.0.0-0',
123 silly addNameRange   hasData: false }
124 verbose url raw bcrypt-nodejs/0.0.3
125 verbose url resolving [ 'https://registry.npmjs.org/', './bcrypt-nodejs/0.0.3' ]
126 verbose url resolved https://registry.npmjs.org/bcrypt-nodejs/0.0.3
127 info trying registry request attempt 1 at 15:54:23
128 http GET https://registry.npmjs.org/bcrypt-nodejs/0.0.3
129 verbose url raw cors
130 verbose url resolving [ 'https://registry.npmjs.org/', './cors' ]
131 verbose url resolved https://registry.npmjs.org/cors
132 info trying registry request attempt 1 at 15:54:23
133 http GET https://registry.npmjs.org/cors
134 verbose url raw consign
135 verbose url resolving [ 'https://registry.npmjs.org/', './consign' ]
136 verbose url resolved https://registry.npmjs.org/consign
137 info trying registry request attempt 1 at 15:54:23
138 http GET https://registry.npmjs.org/consign
139 silly addNameRange { name: 'knex', range: '>=0.21.1-0 <0.22.0-0', hasData: false }
140 verbose url raw express
141 verbose url resolving [ 'https://registry.npmjs.org/', './express' ]
142 verbose url resolved https://registry.npmjs.org/express
143 info trying registry request attempt 1 at 15:54:23
144 http GET https://registry.npmjs.org/express
145 silly addNameRange { name: 'moment', range: '>=2.25.1-0 <3.0.0-0', hasData: false }
146 silly addNameRange { name: 'mysql', range: '>=2.18.1-0 <3.0.0-0', hasData: false }
147 silly addNameRange { name: 'passport', range: '>=0.4.1-0 <0.5.0-0', hasData: false }
148 verbose url raw jwt-simple
149 verbose url resolving [ 'https://registry.npmjs.org/', './jwt-simple' ]
150 verbose url resolved https://registry.npmjs.org/jwt-simple
151 info trying registry request attempt 1 at 15:54:23
152 http GET https://registry.npmjs.org/jwt-simple
153 verbose url raw body-parser
154 verbose url resolving [ 'https://registry.npmjs.org/', './body-parser' ]
155 verbose url resolved https://registry.npmjs.org/body-parser
156 info trying registry request attempt 1 at 15:54:23
157 http GET https://registry.npmjs.org/body-parser
158 verbose url raw knex
159 verbose url resolving [ 'https://registry.npmjs.org/', './knex' ]
160 verbose url resolved https://registry.npmjs.org/knex
161 info trying registry request attempt 1 at 15:54:23
162 http GET https://registry.npmjs.org/knex
163 verbose url raw moment
164 verbose url resolving [ 'https://registry.npmjs.org/', './moment' ]
165 verbose url resolved https://registry.npmjs.org/moment
166 info trying registry request attempt 1 at 15:54:23
167 http GET https://registry.npmjs.org/moment
168 verbose url raw mysql
169 verbose url resolving [ 'https://registry.npmjs.org/', './mysql' ]
170 verbose url resolved https://registry.npmjs.org/mysql
171 info trying registry request attempt 1 at 15:54:23
172 http GET https://registry.npmjs.org/mysql
173 verbose url raw passport
174 verbose url resolving [ 'https://registry.npmjs.org/', './passport' ]
175 verbose url resolved https://registry.npmjs.org/passport
176 info trying registry request attempt 1 at 15:54:23
177 http GET https://registry.npmjs.org/passport
178 silly addNameRange { name: 'passport-jwt',
178 silly addNameRange   range: '>=4.0.0-0 <5.0.0-0',
178 silly addNameRange   hasData: false }
179 verbose url raw nodemon/2.0.3
180 verbose url resolving [ 'https://registry.npmjs.org/', './nodemon/2.0.3' ]
181 verbose url resolved https://registry.npmjs.org/nodemon/2.0.3
182 info trying registry request attempt 1 at 15:54:23
183 http GET https://registry.npmjs.org/nodemon/2.0.3
184 verbose url raw passport-jwt
185 verbose url resolving [ 'https://registry.npmjs.org/', './passport-jwt' ]
186 verbose url resolved https://registry.npmjs.org/passport-jwt
187 info trying registry request attempt 1 at 15:54:23
188 http GET https://registry.npmjs.org/passport-jwt
189 info retry will retry, error on last attempt: Error: CERT_UNTRUSTED
190 info retry will retry, error on last attempt: Error: CERT_UNTRUSTED
191 info retry will retry, error on last attempt: Error: CERT_UNTRUSTED
192 info retry will retry, error on last attempt: Error: CERT_UNTRUSTED
193 info retry will retry, error on last attempt: Error: CERT_UNTRUSTED
194 info retry will retry, error on last attempt: Error: CERT_UNTRUSTED
195 info retry will retry, error on last attempt: Error: CERT_UNTRUSTED
196 info retry will retry, error on last attempt: Error: CERT_UNTRUSTED
197 info retry will retry, error on last attempt: Error: CERT_UNTRUSTED
198 info retry will retry, error on last attempt: Error: CERT_UNTRUSTED
199 info retry will retry, error on last attempt: Error: CERT_UNTRUSTED
200 info retry will retry, error on last attempt: Error: CERT_UNTRUSTED
201 info trying registry request attempt 2 at 15:54:33
202 http GET https://registry.npmjs.org/consign
203 info trying registry request attempt 2 at 15:54:33
204 http GET https://registry.npmjs.org/bcrypt-nodejs/0.0.3
205 info trying registry request attempt 2 at 15:54:33
206 http GET https://registry.npmjs.org/express
207 info trying registry request attempt 2 at 15:54:33
208 http GET https://registry.npmjs.org/jwt-simple
209 info trying registry request attempt 2 at 15:54:33
210 http GET https://registry.npmjs.org/cors
211 info trying registry request attempt 2 at 15:54:34
212 http GET https://registry.npmjs.org/knex
213 info trying registry request attempt 2 at 15:54:34
214 http GET https://registry.npmjs.org/body-parser
215 info retry will retry, error on last attempt: Error: CERT_UNTRUSTED
216 info trying registry request attempt 2 at 15:54:34
217 http GET https://registry.npmjs.org/passport
218 info retry will retry, error on last attempt: Error: CERT_UNTRUSTED
219 info trying registry request attempt 2 at 15:54:34
220 http GET https://registry.npmjs.org/moment
221 info trying registry request attempt 2 at 15:54:34
222 http GET https://registry.npmjs.org/mysql
223 info retry will retry, error on last attempt: Error: CERT_UNTRUSTED
224 info retry will retry, error on last attempt: Error: CERT_UNTRUSTED
225 info retry will retry, error on last attempt: Error: CERT_UNTRUSTED
226 info trying registry request attempt 2 at 15:54:34
227 http GET https://registry.npmjs.org/nodemon/2.0.3
228 info retry will retry, error on last attempt: Error: CERT_UNTRUSTED
229 info trying registry request attempt 2 at 15:54:34
230 http GET https://registry.npmjs.org/passport-jwt
231 info retry will retry, error on last attempt: Error: CERT_UNTRUSTED
232 info retry will retry, error on last attempt: Error: CERT_UNTRUSTED
233 info retry will retry, error on last attempt: Error: CERT_UNTRUSTED
234 info retry will retry, error on last attempt: Error: CERT_UNTRUSTED
235 info retry will retry, error on last attempt: Error: CERT_UNTRUSTED
236 info retry will retry, error on last attempt: Error: CERT_UNTRUSTED
237 info trying registry request attempt 3 at 15:55:34
238 http GET https://registry.npmjs.org/express
239 info trying registry request attempt 3 at 15:55:34
240 http GET https://registry.npmjs.org/consign
241 info trying registry request attempt 3 at 15:55:34
242 http GET https://registry.npmjs.org/bcrypt-nodejs/0.0.3
243 info trying registry request attempt 3 at 15:55:34
244 http GET https://registry.npmjs.org/jwt-simple
245 info trying registry request attempt 3 at 15:55:34
246 http GET https://registry.npmjs.org/cors
247 info trying registry request attempt 3 at 15:55:34
248 http GET https://registry.npmjs.org/knex
249 info trying registry request attempt 3 at 15:55:34
250 http GET https://registry.npmjs.org/body-parser
251 info trying registry request attempt 3 at 15:55:34
252 http GET https://registry.npmjs.org/moment
253 info trying registry request attempt 3 at 15:55:34
254 http GET https://registry.npmjs.org/mysql
255 info trying registry request attempt 3 at 15:55:34
256 http GET https://registry.npmjs.org/passport
257 silly lockFile 6e2ff2a8-consign-0-1-6 consign@^0.1.6
258 silly lockFile 6e2ff2a8-consign-0-1-6 consign@^0.1.6
259 error Error: CERT_UNTRUSTED
259 error     at SecurePair.<anonymous> (tls.js:1370:32)
259 error     at SecurePair.EventEmitter.emit (events.js:92:17)
259 error     at SecurePair.maybeInitFinished (tls.js:982:10)
259 error     at CleartextStream.read [as _read] (tls.js:469:13)
259 error     at CleartextStream.Readable.read (_stream_readable.js:320:10)
259 error     at EncryptedStream.write [as _write] (tls.js:366:25)
259 error     at doWrite (_stream_writable.js:223:10)
259 error     at writeOrBuffer (_stream_writable.js:213:5)
259 error     at EncryptedStream.Writable.write (_stream_writable.js:180:11)
259 error     at write (_stream_readable.js:583:24)
259 error     at flow (_stream_readable.js:592:7)
259 error     at Socket.pipeOnReadable (_stream_readable.js:624:5)
260 error If you need help, you may report this log at:
260 error     <http://github.com/isaacs/npm/issues>
260 error or email it to:
260 error     <npm-@googlegroups.com>
261 error System Linux 4.4.0-124-generic
262 error command "/usr/bin/nodejs" "/usr/bin/npm" "i"
263 error cwd /var/www/html/espacoacervo/backend
264 error node -v v0.10.25
265 error npm -v 1.3.10
266 verbose exit [ 1, true ]
